<?xml version="1.0" encoding="UTF-8"?>
<testng-results skipped="0" failed="0" ignored="0" total="1" passed="1">
  <reporter-output>
  </reporter-output>
  <suite name="Default suite" duration-ms="65" started-at="2017-11-08T07:13:11Z" finished-at="2017-11-08T07:13:11Z">
    <groups>
    </groups>
    <test name="Default test" duration-ms="65" started-at="2017-11-08T07:13:11Z" finished-at="2017-11-08T07:13:11Z">
      <class name="learnauto.Myclass">
        <test-method status="PASS" signature="read_xml()[pri:0, instance:learnauto.Myclass@4de8b406]" name="read_xml" duration-ms="41" started-at="2017-11-08T12:43:11Z" finished-at="2017-11-08T12:43:11Z">
          <reporter-output>
          </reporter-output>
        </test-method> <!-- read_xml -->
      </class> <!-- learnauto.Myclass -->
    </test> <!-- Default test -->
  </suite> <!-- Default suite -->
</testng-results>
